\BOOKMARK [1][-]{section*.1}{摘要}{}% 1
\BOOKMARK [1][-]{section*.2}{Abstract}{}% 2
\BOOKMARK [1][-]{section.1}{绪论}{}% 3
\BOOKMARK [2][-]{subsection.1.1}{选题背景}{section.1}% 4
\BOOKMARK [2][-]{subsection.1.2}{选题目标}{section.1}% 5
\BOOKMARK [3][-]{subsubsection.1.2.1}{主要目标}{subsection.1.2}% 6
\BOOKMARK [3][-]{subsubsection.1.2.2}{附属目标}{subsection.1.2}% 7
\BOOKMARK [2][-]{subsection.1.3}{技术背景}{section.1}% 8
\BOOKMARK [3][-]{subsubsection.1.3.1}{基础框架与开发工具}{subsection.1.3}% 9
\BOOKMARK [3][-]{subsubsection.1.3.2}{课题相关技术}{subsection.1.3}% 10
\BOOKMARK [3][-]{subsubsection.1.3.3}{测试技术}{subsection.1.3}% 11
\BOOKMARK [1][-]{section.2}{需求和功能点}{}% 12
\BOOKMARK [2][-]{subsection.2.1}{词法分析的动画设计}{section.2}% 13
\BOOKMARK [2][-]{subsection.2.2}{语法分析的动画设计}{section.2}% 14
\BOOKMARK [2][-]{subsection.2.3}{文法管理}{section.2}% 15
\BOOKMARK [1][-]{section.3}{技术架构}{}% 16
\BOOKMARK [2][-]{subsection.3.1}{基本情况}{section.3}% 17
\BOOKMARK [2][-]{subsection.3.2}{具体架构}{section.3}% 18
\BOOKMARK [1][-]{section.4}{动画设计}{}% 19
\BOOKMARK [2][-]{subsection.4.1}{动画的表现形式}{section.4}% 20
\BOOKMARK [2][-]{subsection.4.2}{动画设计的基本要求}{section.4}% 21
\BOOKMARK [2][-]{subsection.4.3}{设计的几类动画}{section.4}% 22
\BOOKMARK [2][-]{subsection.4.4}{如何设计这些动画}{section.4}% 23
\BOOKMARK [2][-]{subsection.4.5}{动画交互的要点}{section.4}% 24
\BOOKMARK [1][-]{section.5}{实现与测试}{}% 25
\BOOKMARK [2][-]{subsection.5.1}{界面测试}{section.5}% 26
\BOOKMARK [2][-]{subsection.5.2}{单元测试}{section.5}% 27
\BOOKMARK [2][-]{subsection.5.3}{算法测试}{section.5}% 28
\BOOKMARK [2][-]{subsection.5.4}{系统测试}{section.5}% 29
\BOOKMARK [1][-]{section.6}{总结}{}% 30
\BOOKMARK [2][-]{subsection.6.1}{代码复用}{section.6}% 31
\BOOKMARK [2][-]{subsection.6.2}{项目结构}{section.6}% 32
\BOOKMARK [2][-]{subsection.6.3}{前人的研究}{section.6}% 33
\BOOKMARK [2][-]{subsection.6.4}{课题本身的局限性}{section.6}% 34
\BOOKMARK [2][-]{subsection.6.5}{内容的欠缺}{section.6}% 35
\BOOKMARK [1][-]{section*.13}{谢辞}{}% 36
\BOOKMARK [1][-]{section*.15}{参考文献}{}% 37
\BOOKMARK [1][-]{appendix.A}{ 英文原文}{}% 38
\BOOKMARK [1][-]{appendix.B}{中文译文}{}% 39
\BOOKMARK [2][-]{subsection.B.1}{绪论}{appendix.B}% 40
\BOOKMARK [2][-]{subsection.B.2}{编译器和编译器生成器的架构}{appendix.B}% 41
\BOOKMARK [2][-]{subsection.B.3}{在可视化编译器执行的时候}{appendix.B}% 42
\BOOKMARK [2][-]{subsection.B.4}{结论：相关工作和未来的计划}{appendix.B}% 43
